e:\projects\supreme-succotash\supreme-succotash\debug\supreme-succotash.pch
e:\projects\supreme-succotash\supreme-succotash\debug\vc140.pdb
e:\projects\supreme-succotash\supreme-succotash\debug\vc140.idb
e:\projects\supreme-succotash\supreme-succotash\debug\stdafx.obj
e:\projects\supreme-succotash\supreme-succotash\debug\codelockpackethandler.obj
e:\projects\supreme-succotash\supreme-succotash\debug\guiselectadapterwindow.obj
e:\projects\supreme-succotash\supreme-succotash\debug\packethandler.obj
e:\projects\supreme-succotash\supreme-succotash\debug\supreme-succotash.obj
e:\projects\supreme-succotash\supreme-succotash\debug\testpackethandler.obj
e:\projects\supreme-succotash\supreme-succotash\debug\imgui.obj
e:\projects\supreme-succotash\supreme-succotash\debug\imgui_demo.obj
e:\projects\supreme-succotash\supreme-succotash\debug\imgui_draw.obj
e:\projects\supreme-succotash\supreme-succotash\debug\pcaphandling.obj
e:\projects\supreme-succotash\supreme-succotash\debug\packetutils.obj
e:\projects\supreme-succotash\supreme-succotash\debug\tickpackethandler.obj
e:\projects\supreme-succotash\supreme-succotash\debug\entitypositionpackethandler.obj
e:\projects\supreme-succotash\supreme-succotash\debug\guistatusmenuwindow.obj
e:\projects\supreme-succotash\supreme-succotash\debug\radar.obj
e:\projects\supreme-succotash\supreme-succotash\debug\entitiespackethandler.obj
e:\projects\supreme-succotash\supreme-succotash\debug\protobufdeserializers.obj
e:\projects\supreme-succotash\supreme-succotash\debug\protobufutils.obj
e:\projects\supreme-succotash\debug\supreme-succotash.ilk
e:\projects\supreme-succotash\debug\supreme-succotash.exe
e:\projects\supreme-succotash\debug\supreme-succotash.pdb
e:\projects\supreme-succotash\supreme-succotash\debug\supreme-.3bb98d14.tlog\cl.command.1.tlog
e:\projects\supreme-succotash\supreme-succotash\debug\supreme-.3bb98d14.tlog\cl.read.1.tlog
e:\projects\supreme-succotash\supreme-succotash\debug\supreme-.3bb98d14.tlog\cl.write.1.tlog
e:\projects\supreme-succotash\supreme-succotash\debug\supreme-.3bb98d14.tlog\link.command.1.tlog
e:\projects\supreme-succotash\supreme-succotash\debug\supreme-.3bb98d14.tlog\link.read.1.tlog
e:\projects\supreme-succotash\supreme-succotash\debug\supreme-.3bb98d14.tlog\link.write.1.tlog
