e:\projects\supreme-succotash\supreme-succotash\release\supreme-succotash.pch
e:\projects\supreme-succotash\supreme-succotash\release\vc140.pdb
e:\projects\supreme-succotash\supreme-succotash\release\codelockpackethandler.obj
e:\projects\supreme-succotash\supreme-succotash\release\entitypositionpackethandler.obj
e:\projects\supreme-succotash\supreme-succotash\release\guiselectadapterwindow.obj
e:\projects\supreme-succotash\supreme-succotash\release\guistatusmenuwindow.obj
e:\projects\supreme-succotash\supreme-succotash\release\packethandler.obj
e:\projects\supreme-succotash\supreme-succotash\release\packetutils.obj
e:\projects\supreme-succotash\supreme-succotash\release\tickpackethandler.obj
e:\projects\supreme-succotash\supreme-succotash\release\supreme-succotash.obj
e:\projects\supreme-succotash\supreme-succotash\release\testpackethandler.obj
e:\projects\supreme-succotash\supreme-succotash\release\radar.obj
e:\projects\supreme-succotash\supreme-succotash\release\entitiespackethandler.obj
e:\projects\supreme-succotash\supreme-succotash\release\protobufutils.obj
e:\projects\supreme-succotash\supreme-succotash\release\protobufdeserializers.obj
e:\projects\supreme-succotash\supreme-succotash\release\stdafx.obj
e:\projects\supreme-succotash\supreme-succotash\release\pcaphandling.obj
e:\projects\supreme-succotash\supreme-succotash\release\imgui_draw.obj
e:\projects\supreme-succotash\supreme-succotash\release\imgui_demo.obj
e:\projects\supreme-succotash\supreme-succotash\release\imgui.obj
e:\projects\supreme-succotash\release\supreme-succotash.exe
e:\projects\supreme-succotash\release\supreme-succotash.ipdb
e:\projects\supreme-succotash\release\supreme-succotash.iobj
e:\projects\supreme-succotash\release\supreme-succotash.pdb
e:\projects\supreme-succotash\supreme-succotash\release\supreme-.3bb98d14.tlog\cl.command.1.tlog
e:\projects\supreme-succotash\supreme-succotash\release\supreme-.3bb98d14.tlog\cl.read.1.tlog
e:\projects\supreme-succotash\supreme-succotash\release\supreme-.3bb98d14.tlog\cl.write.1.tlog
e:\projects\supreme-succotash\supreme-succotash\release\supreme-.3bb98d14.tlog\link.command.1.tlog
e:\projects\supreme-succotash\supreme-succotash\release\supreme-.3bb98d14.tlog\link.read.1.tlog
e:\projects\supreme-succotash\supreme-succotash\release\supreme-.3bb98d14.tlog\link.write.1.tlog
