  GUIStatusMenuWindow.cpp
GUIStatusMenuWindow.cpp(88): warning C4244: 'argument': conversion from 'unsigned int' to 'float', possible loss of data
GUIStatusMenuWindow.cpp(45): warning C4996: 'sprintf': This function or variable may be unsafe. Consider using sprintf_s instead. To disable deprecation, use _CRT_SECURE_NO_WARNINGS. See online help for details.
  C:\Program Files (x86)\Windows Kits\10\Include\10.0.10240.0\ucrt\stdio.h(1769): note: see declaration of 'sprintf'
GUIStatusMenuWindow.cpp(57): warning C4996: 'sprintf': This function or variable may be unsafe. Consider using sprintf_s instead. To disable deprecation, use _CRT_SECURE_NO_WARNINGS. See online help for details.
  C:\Program Files (x86)\Windows Kits\10\Include\10.0.10240.0\ucrt\stdio.h(1769): note: see declaration of 'sprintf'
GUIStatusMenuWindow.cpp(80): warning C4996: 'sprintf': This function or variable may be unsafe. Consider using sprintf_s instead. To disable deprecation, use _CRT_SECURE_NO_WARNINGS. See online help for details.
  C:\Program Files (x86)\Windows Kits\10\Include\10.0.10240.0\ucrt\stdio.h(1769): note: see declaration of 'sprintf'
LINK : warning C4727: PCH named e:\projects\supreme-succotash\supreme-succotash\release\supreme-succotash.pch with same timestamp found in e:\projects\supreme-succotash\supreme-succotash\release\entitypositionpackethandler.obj and e:\projects\supreme-succotash\supreme-succotash\release\codelockpackethandler.obj.  Using first PCH.
LINK : warning C4727: PCH named e:\projects\supreme-succotash\supreme-succotash\release\supreme-succotash.pch with same timestamp found in e:\projects\supreme-succotash\supreme-succotash\release\guiselectadapterwindow.obj and e:\projects\supreme-succotash\supreme-succotash\release\codelockpackethandler.obj.  Using first PCH.
LINK : warning C4727: PCH named e:\projects\supreme-succotash\supreme-succotash\release\supreme-succotash.pch with same timestamp found in e:\projects\supreme-succotash\supreme-succotash\release\packethandler.obj and e:\projects\supreme-succotash\supreme-succotash\release\codelockpackethandler.obj.  Using first PCH.
LINK : warning C4727: PCH named e:\projects\supreme-succotash\supreme-succotash\release\supreme-succotash.pch with same timestamp found in e:\projects\supreme-succotash\supreme-succotash\release\packetutils.obj and e:\projects\supreme-succotash\supreme-succotash\release\codelockpackethandler.obj.  Using first PCH.
LINK : warning C4727: PCH named e:\projects\supreme-succotash\supreme-succotash\release\supreme-succotash.pch with same timestamp found in e:\projects\supreme-succotash\supreme-succotash\release\tickpackethandler.obj and e:\projects\supreme-succotash\supreme-succotash\release\codelockpackethandler.obj.  Using first PCH.
LINK : warning C4727: PCH named e:\projects\supreme-succotash\supreme-succotash\release\supreme-succotash.pch with same timestamp found in e:\projects\supreme-succotash\supreme-succotash\release\supreme-succotash.obj and e:\projects\supreme-succotash\supreme-succotash\release\codelockpackethandler.obj.  Using first PCH.
LINK : warning C4727: PCH named e:\projects\supreme-succotash\supreme-succotash\release\supreme-succotash.pch with same timestamp found in e:\projects\supreme-succotash\supreme-succotash\release\testpackethandler.obj and e:\projects\supreme-succotash\supreme-succotash\release\codelockpackethandler.obj.  Using first PCH.
Release\pcaphandling.obj : warning LNK4042: object specified more than once; extras ignored
  Generating code
  1 of 1550 functions ( 0.1%) were compiled, the rest were copied from previous compilation.
    0 functions were new in current compilation
    1 functions had inline decision re-evaluated but remain unchanged
  Finished generating code
  supreme-succotash.vcxproj -> E:\projects\supreme-succotash\Release\supreme-succotash.exe
